<?xml version="1.0" encoding="UTF-8"?>
<!-- Generated by org.testng.reporters.JUnitReportReporter -->
<testsuite hostname="DESKTOP-KT28KG2" failures="0" tests="1" name="com.login.SampleLogin" time="3.504" errors="0" timestamp="23 Aug 2022 10:25:42 GMT" skipped="0">
  <testcase classname="com.login.SampleLogin" name="login" time="3.504"/>
</testsuite> <!-- com.login.SampleLogin -->
